<?xml version="1.0" encoding="UTF-8"?>
<coverage generated="1559688936355" clover="3.2.0">
  <project timestamp="1559688936355" name="All files">
    <metrics statements="60" coveredstatements="53" conditionals="20" coveredconditionals="8" methods="7" coveredmethods="6" elements="87" coveredelements="67" complexity="0" loc="60" ncloc="60" packages="1" files="3" classes="3"/>
    <file name="download.ts" path="/Users/zb/Code/etclabs/dl-github-releases/src/download.ts">
      <metrics statements="12" coveredstatements="12" conditionals="4" coveredconditionals="2" methods="4" coveredmethods="4"/>
      <line num="1" count="1" type="stmt"/>
      <line num="2" count="1" type="stmt"/>
      <line num="4" count="1" type="stmt"/>
      <line num="5" count="17" type="stmt"/>
      <line num="6" count="17" type="cond" truecount="1" falsecount="1"/>
      <line num="8" count="17" type="stmt"/>
      <line num="10" count="17" type="cond" truecount="1" falsecount="1"/>
      <line num="12" count="17" type="stmt"/>
      <line num="14" count="17" type="stmt"/>
      <line num="15" count="17" type="stmt"/>
      <line num="16" count="17" type="stmt"/>
      <line num="17" count="17" type="stmt"/>
    </file>
    <file name="get-releases.ts" path="/Users/zb/Code/etclabs/dl-github-releases/src/get-releases.ts">
      <metrics statements="6" coveredstatements="6" conditionals="0" coveredconditionals="0" methods="0" coveredmethods="0"/>
      <line num="1" count="2" type="stmt"/>
      <line num="63" count="1" type="stmt"/>
      <line num="64" count="1" type="stmt"/>
      <line num="66" count="1" type="stmt"/>
      <line num="67" count="1" type="stmt"/>
      <line num="69" count="1" type="stmt"/>
    </file>
    <file name="index.ts" path="/Users/zb/Code/etclabs/dl-github-releases/src/index.ts">
      <metrics statements="42" coveredstatements="35" conditionals="16" coveredconditionals="6" methods="3" coveredmethods="2"/>
      <line num="1" count="2" type="stmt"/>
      <line num="2" count="1" type="stmt"/>
      <line num="3" count="1" type="stmt"/>
      <line num="4" count="1" type="stmt"/>
      <line num="5" count="1" type="stmt"/>
      <line num="6" count="1" type="stmt"/>
      <line num="7" count="1" type="stmt"/>
      <line num="8" count="1" type="stmt"/>
      <line num="10" count="1" type="stmt"/>
      <line num="13" count="31" type="stmt"/>
      <line num="19" count="1" type="cond" truecount="1" falsecount="1"/>
      <line num="20" count="1" type="cond" truecount="1" falsecount="1"/>
      <line num="22" count="1" type="stmt"/>
      <line num="23" count="1" type="stmt"/>
      <line num="25" count="14" type="stmt"/>
      <line num="26" count="14" type="stmt"/>
      <line num="29" count="1" type="stmt"/>
      <line num="41" count="1" type="stmt"/>
      <line num="44" count="0" type="cond" truecount="0" falsecount="2"/>
      <line num="45" count="0" type="cond" truecount="0" falsecount="2"/>
      <line num="47" count="0" type="stmt"/>
      <line num="49" count="0" type="stmt"/>
      <line num="63" count="1" type="stmt"/>
      <line num="67" count="2" type="cond" truecount="1" falsecount="1"/>
      <line num="68" count="2" type="cond" truecount="1" falsecount="1"/>
      <line num="69" count="2" type="cond" truecount="1" falsecount="1"/>
      <line num="71" count="1" type="stmt"/>
      <line num="73" count="1" type="stmt"/>
      <line num="75" count="0" type="stmt"/>
      <line num="78" count="14" type="stmt"/>
      <line num="79" count="17" type="stmt"/>
      <line num="80" count="34" type="stmt"/>
      <line num="81" count="17" type="stmt"/>
      <line num="82" count="17" type="stmt"/>
      <line num="84" count="34" type="stmt"/>
      <line num="86" count="17" type="cond" truecount="1" falsecount="1"/>
      <line num="87" count="0" type="stmt"/>
      <line num="88" count="0" type="stmt"/>
      <line num="90" count="17" type="stmt"/>
      <line num="93" count="14" type="stmt"/>
      <line num="95" count="14" type="stmt"/>
      <line num="98" count="1" type="stmt"/>
    </file>
  </project>
</coverage>
