{"/Users/zb/Code/etclabs/dl-github-releases/src/download.ts": {"path":"/Users/zb/Code/etclabs/dl-github-releases/src/download.ts","statementMap":{"0":{"start":{"line":1,"column":0},"end":{"line":1,"column":24}},"1":{"start":{"line":2,"column":0},"end":{"line":2,"column":26}},"2":{"start":{"line":4,"column":0},"end":{"line":23,"column":2}},"3":{"start":{"line":5,"column":2},"end":{"line":22,"column":5}},"4":{"start":{"line":6,"column":19},"end":{"line":6,"column":53}},"5":{"start":{"line":8,"column":4},"end":{"line":21,"column":27}},"6":{"start":{"line":10,"column":8},"end":{"line":10,"column":72}},"7":{"start":{"line":12,"column":8},"end":{"line":19,"column":31}},"8":{"start":{"line":14,"column":26},"end":{"line":14,"column":70}},"9":{"start":{"line":15,"column":12},"end":{"line":15,"column":25}},"10":{"start":{"line":16,"column":12},"end":{"line":16,"column":37}},"11":{"start":{"line":17,"column":12},"end":{"line":17,"column":36}}},"fnMap":{"0":{"name":"(anonymous_1)","decl":{"start":{"line":4,"column":15},"end":{"line":4,"column":16}},"loc":{"start":{"line":4,"column":35},"end":{"line":23,"column":1}}},"1":{"name":"(anonymous_2)","decl":{"start":{"line":5,"column":21},"end":{"line":5,"column":22}},"loc":{"start":{"line":5,"column":37},"end":{"line":22,"column":3}}},"2":{"name":"(anonymous_3)","decl":{"start":{"line":9,"column":16},"end":{"line":9,"column":17}},"loc":{"start":{"line":9,"column":26},"end":{"line":20,"column":7}}},"3":{"name":"(anonymous_4)","decl":{"start":{"line":13,"column":38},"end":{"line":13,"column":39}},"loc":{"start":{"line":13,"column":48},"end":{"line":18,"column":11}}}},"branchMap":{"0":{"loc":{"start":{"line":6,"column":41},"end":{"line":6,"column":46}},"type":"cond-expr","locations":[{"start":{"line":6,"column":41},"end":{"line":6,"column":46}},{"start":{"line":6,"column":49},"end":{"line":6,"column":53}}]},"1":{"loc":{"start":{"line":10,"column":59},"end":{"line":10,"column":64}},"type":"cond-expr","locations":[{"start":{"line":10,"column":59},"end":{"line":10,"column":64}},{"start":{"line":10,"column":67},"end":{"line":10,"column":71}}]}},"s":{"0":1,"1":1,"2":1,"3":17,"4":17,"5":17,"6":17,"7":17,"8":17,"9":17,"10":17,"11":17},"f":{"0":17,"1":17,"2":17,"3":17},"b":{"0":[17,0],"1":[17,0]}}
,"/Users/zb/Code/etclabs/dl-github-releases/src/get-releases.ts": {"path":"/Users/zb/Code/etclabs/dl-github-releases/src/get-releases.ts","statementMap":{"0":{"start":{"line":1,"column":0},"end":{"line":1,"column":31}},"1":{"start":{"line":63,"column":0},"end":{"line":70,"column":2}},"2":{"start":{"line":64,"column":8},"end":{"line":64,"column":70}},"3":{"start":{"line":66,"column":14},"end":{"line":66,"column":null}},"4":{"start":{"line":66,"column":8},"end":{"line":66,"column":null}},"5":{"start":{"line":67,"column":18},"end":{"line":67,"column":null}},"6":{"start":{"line":67,"column":8},"end":{"line":67,"column":null}},"7":{"start":{"line":69,"column":2},"end":{"line":69,"column":17}}},"fnMap":{},"branchMap":{},"s":{"0":2,"1":1,"2":1,"3":1,"4":1,"5":1,"6":1,"7":1},"f":{},"b":{}}
,"/Users/zb/Code/etclabs/dl-github-releases/src/index.ts": {"path":"/Users/zb/Code/etclabs/dl-github-releases/src/index.ts","statementMap":{"0":{"start":{"line":1,"column":0},"end":{"line":1,"column":51}},"1":{"start":{"line":2,"column":0},"end":{"line":2,"column":55}},"2":{"start":{"line":3,"column":0},"end":{"line":3,"column":34}},"3":{"start":{"line":4,"column":0},"end":{"line":4,"column":38}},"4":{"start":{"line":5,"column":0},"end":{"line":5,"column":33}},"5":{"start":{"line":6,"column":0},"end":{"line":6,"column":28}},"6":{"start":{"line":7,"column":0},"end":{"line":7,"column":37}},"7":{"start":{"line":8,"column":0},"end":{"line":8,"column":33}},"8":{"start":{"line":10,"column":16},"end":{"line":10,"column":38}},"9":{"start":{"line":13,"column":2},"end":{"line":13,"column":14}},"10":{"start":{"line":19,"column":2},"end":{"line":19,"column":null}},"11":{"start":{"line":20,"column":2},"end":{"line":20,"column":null}},"12":{"start":{"line":22,"column":19},"end":{"line":22,"column":null}},"13":{"start":{"line":22,"column":8},"end":{"line":22,"column":null}},"14":{"start":{"line":23,"column":8},"end":{"line":27,"column":7}},"15":{"start":{"line":25,"column":29},"end":{"line":25,"column":63}},"16":{"start":{"line":26,"column":6},"end":{"line":26,"column":52}},"17":{"start":{"line":29,"column":2},"end":{"line":29,"column":26}},"18":{"start":{"line":44,"column":2},"end":{"line":44,"column":null}},"19":{"start":{"line":45,"column":2},"end":{"line":45,"column":null}},"20":{"start":{"line":47,"column":19},"end":{"line":47,"column":null}},"21":{"start":{"line":47,"column":8},"end":{"line":47,"column":null}},"22":{"start":{"line":49,"column":2},"end":{"line":49,"column":50}},"23":{"start":{"line":49,"column":25},"end":{"line":49,"column":33}},"24":{"start":{"line":49,"column":40},"end":{"line":49,"column":49}},"25":{"start":{"line":41,"column":0},"end":{"line":41,"column":22}},"26":{"start":{"line":67,"column":2},"end":{"line":67,"column":null}},"27":{"start":{"line":68,"column":2},"end":{"line":68,"column":null}},"28":{"start":{"line":69,"column":2},"end":{"line":69,"column":null}},"29":{"start":{"line":71,"column":19},"end":{"line":71,"column":null}},"30":{"start":{"line":71,"column":8},"end":{"line":71,"column":null}},"31":{"start":{"line":73,"column":20},"end":{"line":96,"column":null}},"32":{"start":{"line":75,"column":6},"end":{"line":75,"column":70}},"33":{"start":{"line":78,"column":10},"end":{"line":91,"column":7}},"34":{"start":{"line":79,"column":12},"end":{"line":79,"column":54}},"35":{"start":{"line":80,"column":6},"end":{"line":80,"column":29}},"36":{"start":{"line":81,"column":12},"end":{"line":81,"column":44}},"37":{"start":{"line":82,"column":12},"end":{"line":82,"column":44}},"38":{"start":{"line":84,"column":6},"end":{"line":84,"column":55}},"39":{"start":{"line":86,"column":10},"end":{"line":86,"column":15}},"40":{"start":{"line":87,"column":8},"end":{"line":87,"column":45}},"41":{"start":{"line":88,"column":8},"end":{"line":88,"column":32}},"42":{"start":{"line":90,"column":6},"end":{"line":90,"column":34}},"43":{"start":{"line":93,"column":19},"end":{"line":93,"column":58}},"44":{"start":{"line":93,"column":10},"end":{"line":93,"column":null}},"45":{"start":{"line":95,"column":4},"end":{"line":95,"column":18}},"46":{"start":{"line":73,"column":8},"end":{"line":96,"column":null}},"47":{"start":{"line":98,"column":2},"end":{"line":98,"column":40}},"48":{"start":{"line":63,"column":0},"end":{"line":63,"column":30}}},"fnMap":{"0":{"name":"pass","decl":{"start":{"line":12,"column":9},"end":{"line":12,"column":13}},"loc":{"start":{"line":12,"column":13},"end":{"line":14,"column":1}}},"1":{"name":"(anonymous_19)","decl":{"start":{"line":24,"column":9},"end":{"line":24,"column":10}},"loc":{"start":{"line":24,"column":17},"end":{"line":27,"column":5}}},"2":{"name":"(anonymous_23)","decl":{"start":{"line":49,"column":22},"end":{"line":49,"column":23}},"loc":{"start":{"line":49,"column":35},"end":{"line":49,"column":48}}}},"branchMap":{"0":{"loc":{"start":{"line":19,"column":2},"end":{"line":19,"column":null}},"type":"if","locations":[{"start":{"line":19,"column":2},"end":{"line":19,"column":null}},{"start":{"line":19,"column":2},"end":{"line":19,"column":null}}]},"1":{"loc":{"start":{"line":20,"column":2},"end":{"line":20,"column":null}},"type":"if","locations":[{"start":{"line":20,"column":2},"end":{"line":20,"column":null}},{"start":{"line":20,"column":2},"end":{"line":20,"column":null}}]},"2":{"loc":{"start":{"line":44,"column":2},"end":{"line":44,"column":null}},"type":"if","locations":[{"start":{"line":44,"column":2},"end":{"line":44,"column":null}},{"start":{"line":44,"column":2},"end":{"line":44,"column":null}}]},"3":{"loc":{"start":{"line":45,"column":2},"end":{"line":45,"column":null}},"type":"if","locations":[{"start":{"line":45,"column":2},"end":{"line":45,"column":null}},{"start":{"line":45,"column":2},"end":{"line":45,"column":null}}]},"4":{"loc":{"start":{"line":67,"column":2},"end":{"line":67,"column":null}},"type":"if","locations":[{"start":{"line":67,"column":2},"end":{"line":67,"column":null}},{"start":{"line":67,"column":2},"end":{"line":67,"column":null}}]},"5":{"loc":{"start":{"line":68,"column":2},"end":{"line":68,"column":null}},"type":"if","locations":[{"start":{"line":68,"column":2},"end":{"line":68,"column":null}},{"start":{"line":68,"column":2},"end":{"line":68,"column":null}}]},"6":{"loc":{"start":{"line":69,"column":2},"end":{"line":69,"column":null}},"type":"if","locations":[{"start":{"line":69,"column":2},"end":{"line":69,"column":null}},{"start":{"line":69,"column":2},"end":{"line":69,"column":null}}]},"7":{"loc":{"start":{"line":86,"column":10},"end":{"line":86,"column":15}},"type":"binary-expr","locations":[{"start":{"line":86,"column":10},"end":{"line":86,"column":15}},{"start":{"line":86,"column":19},"end":{"line":86,"column":39}}]}},"s":{"0":2,"1":1,"2":1,"3":1,"4":1,"5":1,"6":1,"7":1,"8":1,"9":31,"10":1,"11":1,"12":1,"13":1,"14":1,"15":14,"16":14,"17":1,"18":0,"19":0,"20":0,"21":0,"22":0,"23":0,"24":0,"25":1,"26":2,"27":2,"28":2,"29":1,"30":1,"31":1,"32":0,"33":14,"34":17,"35":34,"36":17,"37":17,"38":34,"39":17,"40":0,"41":0,"42":17,"43":14,"44":14,"45":14,"46":1,"47":1,"48":1},"f":{"0":31,"1":14,"2":0},"b":{"0":[0,1],"1":[0,1],"2":[0,0],"3":[0,0],"4":[1,0],"5":[1,0],"6":[1,0],"7":[17,0]}}
}
