TN:
SF:/Users/zb/Code/etclabs/dl-github-releases/src/download.ts
FN:4,(anonymous_1)
FN:5,(anonymous_2)
FN:9,(anonymous_3)
FN:13,(anonymous_4)
FNF:4
FNH:4
FNDA:17,(anonymous_1)
FNDA:17,(anonymous_2)
FNDA:17,(anonymous_3)
FNDA:17,(anonymous_4)
DA:1,1
DA:2,1
DA:4,1
DA:5,17
DA:6,17
DA:8,17
DA:10,17
DA:12,17
DA:14,17
DA:15,17
DA:16,17
DA:17,17
LF:12
LH:12
BRDA:6,0,0,17
BRDA:6,0,1,0
BRDA:10,1,0,17
BRDA:10,1,1,0
BRF:4
BRH:2
end_of_record
TN:
SF:/Users/zb/Code/etclabs/dl-github-releases/src/get-releases.ts
FNF:0
FNH:0
DA:1,2
DA:63,1
DA:64,1
DA:66,1
DA:67,1
DA:69,1
LF:6
LH:6
BRF:0
BRH:0
end_of_record
TN:
SF:/Users/zb/Code/etclabs/dl-github-releases/src/index.ts
FN:12,pass
FN:24,(anonymous_19)
FN:49,(anonymous_23)
FNF:3
FNH:2
FNDA:31,pass
FNDA:14,(anonymous_19)
FNDA:0,(anonymous_23)
DA:1,2
DA:2,1
DA:3,1
DA:4,1
DA:5,1
DA:6,1
DA:7,1
DA:8,1
DA:10,1
DA:13,31
DA:19,1
DA:20,1
DA:22,1
DA:23,1
DA:25,14
DA:26,14
DA:29,1
DA:41,1
DA:44,0
DA:45,0
DA:47,0
DA:49,0
DA:63,1
DA:67,2
DA:68,2
DA:69,2
DA:71,1
DA:73,1
DA:75,0
DA:78,14
DA:79,17
DA:80,34
DA:81,17
DA:82,17
DA:84,34
DA:86,17
DA:87,0
DA:88,0
DA:90,17
DA:93,14
DA:95,14
DA:98,1
LF:42
LH:35
BRDA:19,0,0,0
BRDA:19,0,1,1
BRDA:20,1,0,0
BRDA:20,1,1,1
BRDA:44,2,0,0
BRDA:44,2,1,0
BRDA:45,3,0,0
BRDA:45,3,1,0
BRDA:67,4,0,1
BRDA:67,4,1,0
BRDA:68,5,0,1
BRDA:68,5,1,0
BRDA:69,6,0,1
BRDA:69,6,1,0
BRDA:86,7,0,17
BRDA:86,7,1,0
BRF:16
BRH:6
end_of_record
